2025-09-14 17:12:23,660 [INFO] Activator:176 - 


2025-09-14 17:12:23,679 [INFO] Activator:177 - !SESSION log4j initialized
2025-09-14 17:12:35,625 [INFO] LogOutputStream:77 - [STDOUT_REDIRECT] 
2025-09-14 17:12:38,081 [INFO] ApplicationProperties:184 - Using Application install path: C:\ST\STM32CubeIDE_1.16.0\STM32CubeIDE\plugins\com.st.stm32cube.common.mx_6.15.0.202507011659
2025-09-14 17:12:38,119 [INFO] DbMcusXml:78 - Set database path to: C:\ST\STM32CubeIDE_1.16.0\STM32CubeIDE\plugins\com.st.stm32cube.common.mx_6.15.0.202507011659\\db\/mcu/
2025-09-14 17:12:38,119 [INFO] ApiDb:274 - Set plugin database path to: C:\ST\STM32CubeIDE_1.16.0\STM32CubeIDE\plugins\com.st.stm32cube.common.mx_6.15.0.202507011659\\db\/plugins/boardmanager/
2025-09-14 17:12:38,129 [WARN] ApiDb:259 - Overriding images path with different value:  => C:\ST\STM32CubeIDE_1.16.0\STM32CubeIDE\plugins\com.st.stm32cube.common.mx_6.15.0.202507011659\\db\/plugins/mcufinder/images/
2025-09-14 17:12:38,152 [INFO] ApiDb:250 - Set database path to: C:\Users\rolni\.stmcufinder\plugins\mcufinder//mcu/
2025-09-14 17:12:38,155 [INFO] DbMcusAds:125 - Set database path to: C:\Users\rolni\.stmcufinder\plugins\mcufinder//mcu/
2025-09-14 17:12:38,161 [INFO] CrossReferenceDbSqlite:203 - Set database path to: C:\Users\rolni\.stmcufinder\plugins\mcufinder//mcu/cs/
2025-09-14 17:12:38,502 [INFO] RulesReader:64 - Compatibility file has been processed (317 Rules)
2025-09-14 17:12:38,738 [INFO] DbMcusXml:78 - Set database path to: C:\ST\STM32CubeIDE_1.16.0\STM32CubeIDE\plugins\com.st.stm32cube.common.mx_6.15.0.202507011659\\db\/mcu/
2025-09-14 17:12:38,738 [INFO] ApiDb:274 - Set plugin database path to: C:\ST\STM32CubeIDE_1.16.0\STM32CubeIDE\plugins\com.st.stm32cube.common.mx_6.15.0.202507011659\\db\/plugins/boardmanager/
2025-09-14 17:12:38,738 [INFO] ApiDb:261 - Set plugin images path to: C:\ST\STM32CubeIDE_1.16.0\STM32CubeIDE\plugins\com.st.stm32cube.common.mx_6.15.0.202507011659\\db\/plugins/mcufinder/images/
2025-09-14 17:12:38,738 [WARN] DbFile:41 - Overriding database path with different value: C:\Users\rolni\.stmcufinder\plugins\mcufinder/ => C:\Users\rolni\.stmcufinder\plugins\mcufinder
2025-09-14 17:12:38,747 [INFO] ApiDb:250 - Set database path to: C:\Users\rolni\.stmcufinder\plugins\mcufinder//mcu/
2025-09-14 17:12:38,747 [WARN] DbFile:41 - Overriding database path with different value: C:\Users\rolni\.stmcufinder\plugins\mcufinder/ => C:\Users\rolni\.stmcufinder\plugins\mcufinder
2025-09-14 17:12:38,748 [INFO] DbMcusAds:125 - Set database path to: C:\Users\rolni\.stmcufinder\plugins\mcufinder//mcu/
2025-09-14 17:12:38,748 [WARN] DbFile:41 - Overriding database path with different value: C:\Users\rolni\.stmcufinder\plugins\mcufinder/ => C:\Users\rolni\.stmcufinder\plugins\mcufinder
2025-09-14 17:12:38,748 [WARN] DbFile:41 - Overriding database path with different value: C:\Users\rolni\.stmcufinder\plugins\mcufinder/ => C:\Users\rolni\.stmcufinder\plugins\mcufinder
2025-09-14 17:12:38,748 [INFO] CrossReferenceDbSqlite:203 - Set database path to: C:\Users\rolni\.stmcufinder\plugins\mcufinder//mcu/cs/
2025-09-14 17:12:38,973 [INFO] MainPanel:274 - HeapMemory: 268435456
2025-09-14 17:12:39,292 [INFO] DbMcusXml:78 - Set database path to: C:\ST\STM32CubeIDE_1.16.0\STM32CubeIDE\plugins\com.st.stm32cube.common.mx_6.15.0.202507011659\\db\/mcu/
2025-09-14 17:12:39,292 [INFO] ApiDb:274 - Set plugin database path to: C:\ST\STM32CubeIDE_1.16.0\STM32CubeIDE\plugins\com.st.stm32cube.common.mx_6.15.0.202507011659\\db\/plugins/boardmanager/
2025-09-14 17:12:39,292 [INFO] ApiDb:261 - Set plugin images path to: C:\ST\STM32CubeIDE_1.16.0\STM32CubeIDE\plugins\com.st.stm32cube.common.mx_6.15.0.202507011659\\db\/plugins/mcufinder/images/
2025-09-14 17:12:39,292 [WARN] DbFile:41 - Overriding database path with different value: C:\Users\rolni\.stmcufinder\plugins\mcufinder/ => C:\Users\rolni\.stmcufinder\plugins\mcufinder
2025-09-14 17:12:39,292 [INFO] ApiDb:250 - Set database path to: C:\Users\rolni\.stmcufinder\plugins\mcufinder//mcu/
2025-09-14 17:12:39,292 [WARN] DbFile:41 - Overriding database path with different value: C:\Users\rolni\.stmcufinder\plugins\mcufinder/ => C:\Users\rolni\.stmcufinder\plugins\mcufinder
2025-09-14 17:12:39,292 [INFO] DbMcusAds:125 - Set database path to: C:\Users\rolni\.stmcufinder\plugins\mcufinder//mcu/
2025-09-14 17:12:39,292 [WARN] DbFile:41 - Overriding database path with different value: C:\Users\rolni\.stmcufinder\plugins\mcufinder/ => C:\Users\rolni\.stmcufinder\plugins\mcufinder
2025-09-14 17:12:39,302 [WARN] DbFile:41 - Overriding database path with different value: C:\Users\rolni\.stmcufinder\plugins\mcufinder/ => C:\Users\rolni\.stmcufinder\plugins\mcufinder
2025-09-14 17:12:39,302 [INFO] CrossReferenceDbSqlite:203 - Set database path to: C:\Users\rolni\.stmcufinder\plugins\mcufinder//mcu/cs/
2025-09-14 17:12:39,353 [INFO] ApplicationProperties:184 - Using Application install path: C:\ST\STM32CubeIDE_1.16.0\STM32CubeIDE\plugins\com.st.stm32cube.common.mx_6.15.0.202507011659
2025-09-14 17:12:39,353 [INFO] PluginManage:196 - Search for loadable plugins [exclusion list=, ]
2025-09-14 17:12:39,358 [INFO] PluginManage:310 - Check plugin analytics
2025-09-14 17:12:40,155 [INFO] AnalyticsPlugin:253 - Accepted Software Licenses: 
2025-09-14 17:12:40,159 [INFO] AnalyticsPlugin:255 - Accepted CMSIS Pack Licenses: 
2025-09-14 17:12:40,162 [INFO] AnalyticsPlugin:257 - Accepted Firmware Licenses: FW.F4.1.28.0
2025-09-14 17:12:40,212 [INFO] PluginManage:359 - Loaded plugin analytics (category:tool,tabindex:-1)
2025-09-14 17:12:40,213 [INFO] PluginManage:310 - Check plugin cadmodel
2025-09-14 17:12:40,241 [INFO] CADModel:105 - Init CAD model plugin
2025-09-14 17:12:40,241 [INFO] PluginManage:359 - Loaded plugin cadmodel (category:power,tabindex:5)
2025-09-14 17:12:40,241 [INFO] PluginManage:310 - Check plugin clock
2025-09-14 17:12:40,274 [INFO] PluginManage:359 - Loaded plugin clock (category:base,tabindex:2)
2025-09-14 17:12:40,275 [INFO] PluginManage:310 - Check plugin ddr
2025-09-14 17:12:40,287 [INFO] PluginManage:359 - Loaded plugin ddr (category:tool,tabindex:6)
2025-09-14 17:12:40,289 [INFO] PluginManage:310 - Check plugin filemanager
2025-09-14 17:12:40,832 [INFO] PluginManage:359 - Loaded plugin filemanager (category:base,tabindex:10)
2025-09-14 17:12:40,833 [INFO] PluginManage:310 - Check plugin ipmanager
2025-09-14 17:12:40,851 [INFO] PluginManage:359 - Loaded plugin ipmanager (category:base,tabindex:5)
2025-09-14 17:12:40,851 [INFO] PluginManage:310 - Check plugin lpbam
2025-09-14 17:12:40,875 [INFO] PluginManage:359 - Loaded plugin lpbam (category:base,tabindex:0)
2025-09-14 17:12:40,875 [INFO] PluginManage:310 - Check plugin memorymap
2025-09-14 17:12:40,931 [INFO] PluginManage:359 - Loaded plugin memorymap (category:base,tabindex:4)
2025-09-14 17:12:40,931 [INFO] PluginManage:310 - Check plugin pinoutandconfiguration
2025-09-14 17:12:40,967 [INFO] PluginManage:359 - Loaded plugin pinoutandconfiguration (category:base,tabindex:1)
2025-09-14 17:12:40,967 [INFO] PluginManage:310 - Check plugin pinoutconfig
2025-09-14 17:12:41,280 [WARN] SupportedApi:132 - Cannot load RTOS API schema: s4s-elt-must-match.1: The content of 'definitions' must match (annotation?, (simpleType | complexType)?, (unique | key | keyref)*)). A problem was found starting at: attribute.
2025-09-14 17:12:41,658 [INFO] PluginManage:359 - Loaded plugin pinoutconfig (category:base,tabindex:0)
2025-09-14 17:12:41,658 [INFO] PluginManage:310 - Check plugin power
2025-09-14 17:12:41,681 [INFO] PluginManage:359 - Loaded plugin power (category:power,tabindex:4)
2025-09-14 17:12:41,681 [INFO] PluginManage:310 - Check plugin projectmanager
2025-09-14 17:12:41,745 [INFO] PluginManage:359 - Loaded plugin projectmanager (category:projectmanager,tabindex:4)
2025-09-14 17:12:41,746 [INFO] PluginManage:310 - Check plugin rif
2025-09-14 17:12:41,784 [INFO] PluginManage:359 - Loaded plugin rif (category:base,tabindex:3)
2025-09-14 17:12:41,785 [INFO] PluginManage:310 - Check plugin thirdparty
2025-09-14 17:12:42,245 [INFO] PluginManage:359 - Loaded plugin thirdparty (category:base,tabindex:-1)
2025-09-14 17:12:42,245 [WARN] IntegrityCheckThread:84 - waiting for thirdparty lock release [integrity check]
2025-09-14 17:12:42,245 [INFO] IntegrityCheckThread:86 - entering critical section [integrity check]
2025-09-14 17:12:42,245 [INFO] PluginManage:310 - Check plugin tools
2025-09-14 17:12:42,245 [INFO] ThirdPartyUpdaterWithRetryManager:70 - Updater plugin not ready yet. [1/15]
2025-09-14 17:12:42,245 [INFO] PluginManage:359 - Loaded plugin tools (category:base,tabindex:7)
2025-09-14 17:12:42,245 [INFO] PluginManage:310 - Check plugin tutovideos
2025-09-14 17:12:42,809 [INFO] PluginManage:359 - Loaded plugin tutovideos (category:base,tabindex:-1)
2025-09-14 17:12:42,811 [INFO] PluginManage:310 - Check plugin updater
2025-09-14 17:12:42,878 [INFO] PluginManage:359 - Loaded plugin updater (category:base,tabindex:12)
2025-09-14 17:12:42,880 [INFO] PluginManage:310 - Check plugin userauth
2025-09-14 17:12:42,889 [INFO] UserAuth:118 - Init User Auth plugin
2025-09-14 17:12:42,891 [INFO] PluginManage:359 - Loaded plugin userauth (category:base,tabindex:14)
2025-09-14 17:12:42,893 [INFO] PluginManage:283 - PluginManage : Loaded plugins [18]
2025-09-14 17:12:43,587 [INFO] PinOutPanel:1589 - setPackage(No Configuration,No Configuration)
2025-09-14 17:12:43,838 [INFO] CADModel:165 - CPN selected for project level
2025-09-14 17:12:43,838 [INFO] CADModel:114 - Register for checkConnection events
2025-09-14 17:12:43,888 [INFO] IPUIPlugin:80 - create IPUIPlugin
2025-09-14 17:12:43,888 [INFO] PluginManager:220 - loadIPPluginJar : add adc
2025-09-14 17:12:43,896 [INFO] IPUIPlugin:80 - create IPUIPlugin
2025-09-14 17:12:43,896 [INFO] PluginManager:220 - loadIPPluginJar : add aes
2025-09-14 17:12:43,900 [INFO] IPUIPlugin:80 - create IPUIPlugin
2025-09-14 17:12:43,900 [INFO] PluginManager:220 - loadIPPluginJar : add can
2025-09-14 17:12:43,900 [INFO] IPUIPlugin:80 - create IPUIPlugin
2025-09-14 17:12:43,910 [INFO] PluginManager:220 - loadIPPluginJar : add comp
2025-09-14 17:12:43,917 [INFO] IPUIPlugin:80 - create IPUIPlugin
2025-09-14 17:12:43,917 [INFO] PluginManager:220 - loadIPPluginJar : add cryp
2025-09-14 17:12:43,925 [INFO] IPUIPlugin:80 - create IPUIPlugin
2025-09-14 17:12:43,925 [INFO] PluginManager:220 - loadIPPluginJar : add ddr_ctrl_phy
2025-09-14 17:12:43,933 [INFO] IPUIPlugin:80 - create IPUIPlugin
2025-09-14 17:12:43,933 [INFO] PluginManager:220 - loadIPPluginJar : add dfsdm
2025-09-14 17:12:43,946 [INFO] IPUIPlugin:80 - create IPUIPlugin
2025-09-14 17:12:43,948 [INFO] PluginManager:220 - loadIPPluginJar : add dma
2025-09-14 17:12:43,955 [INFO] IPUIPlugin:80 - create IPUIPlugin
2025-09-14 17:12:43,955 [INFO] PluginManager:220 - loadIPPluginJar : add dma3
2025-09-14 17:12:43,963 [INFO] IPUIPlugin:80 - create IPUIPlugin
2025-09-14 17:12:43,963 [INFO] PluginManager:220 - loadIPPluginJar : add extmemmanager
2025-09-14 17:12:43,967 [INFO] IPUIPlugin:80 - create IPUIPlugin
2025-09-14 17:12:43,969 [INFO] PluginManager:220 - loadIPPluginJar : add fatfs
2025-09-14 17:12:43,974 [INFO] IPUIPlugin:80 - create IPUIPlugin
2025-09-14 17:12:43,974 [INFO] PluginManager:220 - loadIPPluginJar : add fmc
2025-09-14 17:12:44,002 [INFO] IPUIPlugin:80 - create IPUIPlugin
2025-09-14 17:12:44,002 [INFO] PluginManager:220 - loadIPPluginJar : add freertos
2025-09-14 17:12:44,002 [INFO] IPUIPlugin:80 - create IPUIPlugin
2025-09-14 17:12:44,002 [INFO] PluginManager:220 - loadIPPluginJar : add genericplugin
2025-09-14 17:12:44,013 [INFO] IPUIPlugin:80 - create IPUIPlugin
2025-09-14 17:12:44,013 [INFO] PluginManager:220 - loadIPPluginJar : add gfxmmu
2025-09-14 17:12:44,032 [INFO] IPUIPlugin:80 - create IPUIPlugin
2025-09-14 17:12:44,033 [INFO] PluginManager:220 - loadIPPluginJar : add gic
2025-09-14 17:12:44,046 [INFO] IPUIPlugin:80 - create IPUIPlugin
2025-09-14 17:12:44,046 [INFO] PluginManager:220 - loadIPPluginJar : add gpio
2025-09-14 17:12:44,055 [INFO] IPUIPlugin:80 - create IPUIPlugin
2025-09-14 17:12:44,056 [INFO] PluginManager:220 - loadIPPluginJar : add gtzc
2025-09-14 17:12:44,065 [INFO] IPUIPlugin:80 - create IPUIPlugin
2025-09-14 17:12:44,065 [INFO] PluginManager:220 - loadIPPluginJar : add hash
2025-09-14 17:12:44,066 [INFO] IPUIPlugin:80 - create IPUIPlugin
2025-09-14 17:12:44,066 [INFO] PluginManager:220 - loadIPPluginJar : add i2c
2025-09-14 17:12:44,077 [INFO] IPUIPlugin:80 - create IPUIPlugin
2025-09-14 17:12:44,077 [INFO] PluginManager:220 - loadIPPluginJar : add i2s
2025-09-14 17:12:44,095 [INFO] IPUIPlugin:80 - create IPUIPlugin
2025-09-14 17:12:44,095 [INFO] PluginManager:220 - loadIPPluginJar : add i3c
2025-09-14 17:12:44,107 [INFO] IPUIPlugin:80 - create IPUIPlugin
2025-09-14 17:12:44,107 [INFO] PluginManager:220 - loadIPPluginJar : add ipddr
2025-09-14 17:12:44,130 [INFO] IPUIPlugin:80 - create IPUIPlugin
2025-09-14 17:12:44,130 [INFO] PluginManager:220 - loadIPPluginJar : add linkedlist
2025-09-14 17:12:44,138 [INFO] IPUIPlugin:80 - create IPUIPlugin
2025-09-14 17:12:44,138 [INFO] PluginManager:220 - loadIPPluginJar : add lorawan
2025-09-14 17:12:44,141 [INFO] IPUIPlugin:80 - create IPUIPlugin
2025-09-14 17:12:44,141 [INFO] PluginManager:220 - loadIPPluginJar : add ltdc
2025-09-14 17:12:44,159 [INFO] IPUIPlugin:80 - create IPUIPlugin
2025-09-14 17:12:44,159 [INFO] PluginManager:220 - loadIPPluginJar : add mdma
2025-09-14 17:12:44,179 [INFO] IPUIPlugin:80 - create IPUIPlugin
2025-09-14 17:12:44,179 [INFO] PluginManager:220 - loadIPPluginJar : add nvic
2025-09-14 17:12:44,192 [INFO] IPUIPlugin:80 - create IPUIPlugin
2025-09-14 17:12:44,192 [INFO] PluginManager:220 - loadIPPluginJar : add opamp
2025-09-14 17:12:44,200 [INFO] IPUIPlugin:80 - create IPUIPlugin
2025-09-14 17:12:44,200 [INFO] PluginManager:220 - loadIPPluginJar : add openamp
2025-09-14 17:12:44,210 [INFO] IPUIPlugin:80 - create IPUIPlugin
2025-09-14 17:12:44,210 [INFO] PluginManager:220 - loadIPPluginJar : add pdm2pcm
2025-09-14 17:12:44,230 [INFO] IPUIPlugin:80 - create IPUIPlugin
2025-09-14 17:12:44,239 [INFO] PluginManager:220 - loadIPPluginJar : add plateformsettings
2025-09-14 17:12:44,241 [INFO] IPUIPlugin:80 - create IPUIPlugin
2025-09-14 17:12:44,241 [INFO] PluginManager:220 - loadIPPluginJar : add quadspi
2025-09-14 17:12:44,241 [INFO] IPUIPlugin:80 - create IPUIPlugin
2025-09-14 17:12:44,250 [INFO] PluginManager:220 - loadIPPluginJar : add radio
2025-09-14 17:12:44,261 [INFO] IPUIPlugin:80 - create IPUIPlugin
2025-09-14 17:12:44,261 [INFO] PluginManager:220 - loadIPPluginJar : add resmgrutility
2025-09-14 17:12:44,275 [INFO] IPUIPlugin:80 - create IPUIPlugin
2025-09-14 17:12:44,275 [INFO] PluginManager:220 - loadIPPluginJar : add sai
2025-09-14 17:12:44,282 [INFO] IPUIPlugin:80 - create IPUIPlugin
2025-09-14 17:12:44,282 [INFO] PluginManager:220 - loadIPPluginJar : add spi
2025-09-14 17:12:44,302 [INFO] IPUIPlugin:80 - create IPUIPlugin
2025-09-14 17:12:44,302 [INFO] PluginManager:220 - loadIPPluginJar : add stm32_wpan
2025-09-14 17:12:44,313 [INFO] IPUIPlugin:80 - create IPUIPlugin
2025-09-14 17:12:44,313 [INFO] PluginManager:220 - loadIPPluginJar : add tim
2025-09-14 17:12:44,329 [INFO] IPUIPlugin:80 - create IPUIPlugin
2025-09-14 17:12:44,331 [INFO] PluginManager:220 - loadIPPluginJar : add touchsensing
2025-09-14 17:12:44,337 [INFO] IPUIPlugin:80 - create IPUIPlugin
2025-09-14 17:12:44,337 [INFO] PluginManager:220 - loadIPPluginJar : add tracer_emb
2025-09-14 17:12:44,345 [INFO] IPUIPlugin:80 - create IPUIPlugin
2025-09-14 17:12:44,345 [INFO] PluginManager:220 - loadIPPluginJar : add ts
2025-09-14 17:12:44,349 [INFO] IPUIPlugin:80 - create IPUIPlugin
2025-09-14 17:12:44,351 [INFO] PluginManager:220 - loadIPPluginJar : add tsc
2025-09-14 17:12:44,357 [INFO] IPUIPlugin:80 - create IPUIPlugin
2025-09-14 17:12:44,357 [INFO] PluginManager:220 - loadIPPluginJar : add ucpd
2025-09-14 17:12:44,367 [INFO] IPUIPlugin:80 - create IPUIPlugin
2025-09-14 17:12:44,367 [INFO] PluginManager:220 - loadIPPluginJar : add usart
2025-09-14 17:12:44,380 [INFO] IPUIPlugin:80 - create IPUIPlugin
2025-09-14 17:12:44,380 [INFO] PluginManager:220 - loadIPPluginJar : add usbx
2025-09-14 17:12:44,620 [FATAL] Updater:351 - Updater called before beeing initialized
2025-09-14 17:12:44,679 [INFO] RulesReader:64 - Compatibility file has been processed (317 Rules)
2025-09-14 17:12:44,689 [INFO] RulesReader:64 - Compatibility file has been processed (317 Rules)
2025-09-14 17:12:44,700 [INFO] CADModel:165 - CPN selected for project level
2025-09-14 17:12:44,700 [INFO] CADModel:114 - Register for checkConnection events
2025-09-14 17:12:44,700 [FATAL] Updater:351 - Updater called before beeing initialized
2025-09-14 17:12:44,700 [ERROR] CADModel:125 - Updater not yet initialized, retry later 
2025-09-14 17:12:44,948 [FATAL] Updater:351 - Updater called before beeing initialized
2025-09-14 17:12:44,948 [INFO] CADModel:165 - CPN selected for project level
2025-09-14 17:12:44,948 [INFO] CADModel:114 - Register for checkConnection events
2025-09-14 17:12:44,948 [FATAL] Updater:351 - Updater called before beeing initialized
2025-09-14 17:12:44,948 [ERROR] CADModel:125 - Updater not yet initialized, retry later 
2025-09-14 17:12:44,954 [FATAL] Updater:351 - Updater called before beeing initialized
2025-09-14 17:12:45,110 [FATAL] Updater:351 - Updater called before beeing initialized
2025-09-14 17:12:45,119 [INFO] DbMcusAds:53 - JSON generation date=Tue Jul 08 10:14:23 CEST 2025 (1751962463582)
2025-09-14 17:12:45,120 [FATAL] Updater:351 - Updater called before beeing initialized
2025-09-14 17:12:45,192 [WARN] DetailPanel:346 - Failed to get advertising image, set to default
2025-09-14 17:12:45,253 [INFO] ThirdPartyUpdaterWithRetryManager:70 - Updater plugin not ready yet. [2/15]
2025-09-14 17:12:45,303 [FATAL] Updater:351 - Updater called before beeing initialized
2025-09-14 17:12:45,305 [FATAL] Updater:351 - Updater called before beeing initialized
2025-09-14 17:12:45,305 [FATAL] Updater:351 - Updater called before beeing initialized
2025-09-14 17:12:45,305 [WARN] DetailPanel:346 - Failed to get advertising image, set to default
2025-09-14 17:12:45,307 [FATAL] Updater:351 - Updater called before beeing initialized
2025-09-14 17:12:45,392 [ERROR] Updater:1198 - MainUpdater not yet initialized. External WinMGr cannot be set.
2025-09-14 17:12:45,393 [INFO] Updater:1134 - Updater Version found : 6.15.0
2025-09-14 17:12:45,426 [INFO] ApplicationProperties:184 - Using Application install path: C:\ST\STM32CubeIDE_1.16.0\STM32CubeIDE\plugins\com.st.stm32cube.common.mx_6.15.0.202507011659
2025-09-14 17:12:47,048 [ERROR] LogOutputStream:75 - [STDERR_REDIRECT] Sep 14, 2025 5:12:47 PM java.util.prefs.WindowsPreferences <init>
2025-09-14 17:12:47,051 [ERROR] LogOutputStream:75 - [STDERR_REDIRECT] WARNING: Could not open/create prefs root node Software\JavaSoft\Prefs at root 0xffffffff80000002. Windows RegCreateKeyEx(...) returned error code 5.
2025-09-14 17:12:47,051 [ERROR] LogOutputStream:75 - [STDERR_REDIRECT] 
2025-09-14 17:12:47,971 [INFO] MainUpdater:2872 - connection check result : 10
2025-09-14 17:12:47,971 [INFO] MainUpdater:289 - Updater Check For Update Now.
2025-09-14 17:12:47,971 [INFO] MicroXplorer:498 - Change Database Version : DB.6.0.150
2025-09-14 17:12:47,998 [INFO] McuFinderGlobals:63 - Set McuFinder mode to 2 (CubeIDE integrated)
2025-09-14 17:12:48,002 [INFO] UserAuth:487 - Internet connection configuration mode: 1
2025-09-14 17:12:48,045 [INFO] JxBrowserEngine:152 - Initiate JxBrowser Engine with user profile folder
2025-09-14 17:12:48,257 [WARN] MainUpdater:1193 - Updater busy. Cannot search thirdparties
2025-09-14 17:12:48,257 [INFO] ThirdPartyUpdaterWithRetryManager:96 - Updater plugin is busy. [1/15]
2025-09-14 17:12:48,268 [INFO] CheckServerUpdateThread:120 - End of CheckServer Thread
2025-09-14 17:12:50,381 [INFO] WebApp:169 - Instantiating new browser for Auth
2025-09-14 17:12:51,798 [INFO] WebApp:463 - Apply proxy settings
2025-09-14 17:12:51,800 [INFO] WebApp:548 - Chromium requires no authentication
2025-09-14 17:12:51,818 [INFO] WebApp:491 - Direct internet connection detected
2025-09-14 17:12:51,871 [INFO] WebApp:900 - Register for checkConnection events
2025-09-14 17:12:51,872 [INFO] WebApp:463 - Apply proxy settings
2025-09-14 17:12:51,872 [INFO] WebApp:548 - Chromium requires no authentication
2025-09-14 17:12:51,873 [INFO] WebApp:491 - Direct internet connection detected
2025-09-14 17:12:51,954 [WARN] PackLoader:240 - Cannot read IP mode file for STMicroelectronics.FP-SNS-MOTENVWB1.1.4.0
2025-09-14 17:12:51,995 [WARN] PackLoader:240 - Cannot read IP mode file for STMicroelectronics.FP-ATR-ASTRA1.2.0.2
2025-09-14 17:12:52,025 [WARN] PackLoader:240 - Cannot read IP mode file for STMicroelectronics.X-CUBE-SMBUS.2.1.0
2025-09-14 17:12:52,046 [WARN] PackLoader:240 - Cannot read IP mode file for STMicroelectronics.X-CUBE-ST60.1.0.0
2025-09-14 17:12:52,154 [WARN] PackLoader:240 - Cannot read IP mode file for STMicroelectronics.X-CUBE-AZRTOS-F7.1.1.0
2025-09-14 17:12:52,305 [WARN] PackLoader:240 - Cannot read IP mode file for STMicroelectronics.X-CUBE-MEMS1.11.0.0
2025-09-14 17:12:52,454 [INFO] WebApp:191 - Connection restablished
2025-09-14 17:12:52,542 [INFO] WebApp:225 - Starting web application
2025-09-14 17:12:52,543 [INFO] WebApp:593 - Web application path used C:\ST\STM32CubeIDE_1.16.0\STM32CubeIDE\plugins\com.st.stm32cube.common.mx_6.15.0.202507011659\db\plugins\mcufinder\reactClient1\index.html
2025-09-14 17:12:52,596 [WARN] PackLoader:240 - Cannot read IP mode file for STMicroelectronics.FP-SNS-FLIGHT1.5.0.2
2025-09-14 17:12:52,648 [WARN] PackLoader:240 - Cannot read IP mode file for STMicroelectronics.X-CUBE-AZRTOS-H7.3.4.0
2025-09-14 17:12:52,673 [WARN] PackLoader:240 - Cannot read IP mode file for STMicroelectronics.X-CUBE-DISPLAY.3.0.0
2025-09-14 17:12:52,696 [WARN] PackLoader:240 - Cannot read IP mode file for STMicroelectronics.X-CUBE-BLE1.7.0.0
2025-09-14 17:12:52,707 [WARN] PackLoader:240 - Cannot read IP mode file for STMicroelectronics.X-CUBE-NFC10.1.0.0
2025-09-14 17:12:52,737 [WARN] PackLoader:240 - Cannot read IP mode file for emotas.I-CUBE-CANOPEN.1.3.0
2025-09-14 17:12:52,836 [WARN] PackLoader:240 - Cannot read IP mode file for STMicroelectronics.X-CUBE-BLEMGR.3.1.0
2025-09-14 17:12:52,878 [WARN] PackLoader:240 - Cannot read IP mode file for STMicroelectronics.FP-SNS-STBOX1.2.1.0
2025-09-14 17:12:52,896 [WARN] PackLoader:240 - Cannot read IP mode file for STMicroelectronics.FP-SNS-SMARTAG2.1.2.0
2025-09-14 17:12:52,910 [WARN] PackLoader:240 - Cannot read IP mode file for STMicroelectronics.FP-SNS-FLIGHT1.5.1.0
2025-09-14 17:12:52,949 [INFO] LogOutputStream:77 - [STDOUT_REDIRECT] 1 : Invalid condition id : UX_CORESTACK_Condition cause : null
2025-09-14 17:12:52,951 [INFO] LogOutputStream:77 - [STDOUT_REDIRECT] 1 : Invalid condition id : UX_CORESTACK_Condition cause : null
2025-09-14 17:12:52,959 [INFO] LogOutputStream:77 - [STDOUT_REDIRECT] 1 : Invalid condition id : UX_CORESTACK_Condition cause : null
2025-09-14 17:12:52,963 [INFO] LogOutputStream:77 - [STDOUT_REDIRECT] 1 : Invalid condition id : UX_CORESTACK_Condition cause : null
2025-09-14 17:12:52,969 [INFO] LogOutputStream:77 - [STDOUT_REDIRECT] 1 : Invalid condition id : UX_CORESTACK_Condition cause : null
2025-09-14 17:12:52,975 [WARN] PackLoader:240 - Cannot read IP mode file for STMicroelectronics.X-CUBE-AZRTOS-WL.2.0.0
2025-09-14 17:12:52,991 [WARN] PackLoader:240 - Cannot read IP mode file for STMicroelectronics.FP-SNS-MOTENV1.5.0.0
2025-09-14 17:12:53,007 [WARN] PackLoader:240 - Cannot read IP mode file for wolfSSL.I-CUBE-wolfMQTT.1.19.0
2025-09-14 17:12:53,023 [WARN] PackLoader:240 - Cannot read IP mode file for WES.I-CUBE-Cesium.1.3.0
2025-09-14 17:12:53,027 [INFO] UserAuth:487 - Internet connection configuration mode: 1
2025-09-14 17:12:53,036 [WARN] PackLoader:240 - Cannot read IP mode file for STMicroelectronics.X-CUBE-BLE2.3.3.0
2025-09-14 17:12:53,052 [WARN] PackLoader:240 - Cannot read IP mode file for STMicroelectronics.X-CUBE-NFC9.1.0.0
2025-09-14 17:12:53,064 [WARN] PackLoader:240 - Cannot read IP mode file for STMicroelectronics.X-CUBE-BLE1.7.1.0
2025-09-14 17:12:53,084 [WARN] PackLoader:240 - Cannot read IP mode file for STMicroelectronics.X-CUBE-TCPP.4.1.0
2025-09-14 17:12:53,101 [WARN] PackLoader:240 - Cannot read IP mode file for STMicroelectronics.X-CUBE-EEPRMA1.5.2.0
2025-09-14 17:12:53,117 [WARN] PackLoader:240 - Cannot read IP mode file for STMicroelectronics.X-CUBE-AZRTOS-G0.1.1.0
2025-09-14 17:12:53,129 [WARN] PackLoader:240 - Cannot read IP mode file for STMicroelectronics.X-CUBE-SAFEA1.1.2.2
2025-09-14 17:12:53,145 [WARN] PackLoader:240 - Cannot read IP mode file for STMicroelectronics.X-CUBE-NFC4.3.0.0
2025-09-14 17:12:53,178 [WARN] PackLoader:240 - Cannot read IP mode file for EmbeddedOffice.I-CUBE-FS-RTOS.1.0.1
2025-09-14 17:12:53,190 [WARN] PackLoader:240 - Cannot read IP mode file for STMicroelectronics.X-CUBE-WB05N.2.0.0
2025-09-14 17:12:53,196 [WARN] PackLoader:240 - Cannot read IP mode file for STMicroelectronics.X-CUBE-TCPP.4.2.0
2025-09-14 17:12:53,210 [WARN] PackLoader:240 - Cannot read IP mode file for RealThread.X-CUBE-RT-Thread_Nano.4.1.1
2025-09-14 17:12:53,214 [WARN] PackLoader:240 - Cannot read IP mode file for STMicroelectronics.FP-ATR-SIGFOX1.3.2.0
2025-09-14 17:12:53,220 [WARN] PackLoader:240 - Cannot read IP mode file for wolfSSL.I-CUBE-wolfSSL.5.7.2
2025-09-14 17:12:53,243 [WARN] PackLoader:240 - Cannot read IP mode file for STMicroelectronics.X-CUBE-EEPRMA1.5.1.0
2025-09-14 17:12:53,256 [WARN] PackLoader:240 - Cannot read IP mode file for ITTIA_DB.I-CUBE-ITTIADB.8.9.0
2025-09-14 17:12:53,294 [WARN] PackLoader:240 - Cannot read IP mode file for STMicroelectronics.X-CUBE-ST67W61.1.0.0
2025-09-14 17:12:53,321 [WARN] PackLoader:240 - Cannot read IP mode file for STMicroelectronics.X-CUBE-AI.10.2.0
2025-09-14 17:12:53,364 [WARN] PackLoader:240 - Cannot read IP mode file for SEGGER.I-CUBE-embOS.1.3.1
2025-09-14 17:12:53,429 [WARN] PackLoader:240 - Cannot read IP mode file for STMicroelectronics.X-CUBE-ALGOBUILD.1.4.0
2025-09-14 17:12:53,520 [WARN] PackLoader:240 - Cannot read IP mode file for STMicroelectronics.X-CUBE-MEMS1.11.3.0
2025-09-14 17:12:53,922 [WARN] PackLoader:240 - Cannot read IP mode file for STMicroelectronics.X-CUBE-PM33A1.1.0.0
2025-09-14 17:12:53,938 [WARN] PackLoader:240 - Cannot read IP mode file for STMicroelectronics.X-CUBE-GNSS1.6.0.0
2025-09-14 17:12:53,969 [WARN] PackLoader:240 - Cannot read IP mode file for STMicroelectronics.X-CUBE-AZRTOS-F4.1.1.0
2025-09-14 17:12:53,980 [WARN] PackLoader:240 - Cannot read IP mode file for Avnet-IotConnect.X-CUBE-IoTC-DA16k-PMOD.1.0.0
2025-09-14 17:12:53,985 [WARN] PackLoader:240 - Cannot read IP mode file for STMicroelectronics.X-CUBE-ISPU.2.1.0
2025-09-14 17:12:53,998 [WARN] PackLoader:240 - Cannot read IP mode file for STMicroelectronics.X-CUBE-FREERTOS.1.2.0
2025-09-14 17:12:54,014 [WARN] PackLoader:240 - Cannot read IP mode file for STMicroelectronics.X-CUBE-NFC12.1.0.0
2025-09-14 17:12:54,051 [WARN] PackLoader:240 - Cannot read IP mode file for STMicroelectronics.X-CUBE-AZRTOS-L5.2.0.0
2025-09-14 17:12:54,077 [WARN] PackLoader:240 - Cannot read IP mode file for STMicroelectronics.X-CUBE-NFC6.3.1.0
2025-09-14 17:12:54,093 [WARN] PackLoader:240 - Cannot read IP mode file for STMicroelectronics.X-CUBE-DPower.1.2.0
2025-09-14 17:12:54,111 [WARN] PackLoader:240 - Cannot read IP mode file for STMicroelectronics.X-CUBE-AI.9.0.0
2025-09-14 17:12:54,122 [WARN] PackLoader:240 - Cannot read IP mode file for STMicroelectronics.X-CUBE-FREERTOS.1.3.1
2025-09-14 17:12:54,142 [WARN] PackLoader:240 - Cannot read IP mode file for STMicroelectronics.X-CUBE-NFC7.1.0.1
2025-09-14 17:12:54,151 [WARN] PackLoader:240 - Cannot read IP mode file for wolfSSL.I-CUBE-wolfTPM.3.2.0
2025-09-14 17:12:54,167 [WARN] PackLoader:240 - Cannot read IP mode file for STMicroelectronics.FP-SNS-STAIOTCFT.1.0.0
2025-09-14 17:12:54,181 [WARN] PackLoader:240 - Cannot read IP mode file for STMicroelectronics.X-CUBE-DPower.1.3.0
2025-09-14 17:12:54,218 [WARN] ConditionMgr:438 - getConditionDescription Invalid condition id : LAN8742 Phy interface Condition cause : null
2025-09-14 17:12:54,218 [WARN] PackLoader:240 - Cannot read IP mode file for STMicroelectronics.X-CUBE-AZRTOS-L4.2.0.0
2025-09-14 17:12:54,218 [WARN] ConditionMgr:1044 - genDependencies : Invalid condition id : LAN8742 Phy interface Condition cause : null
2025-09-14 17:12:54,218 [WARN] ConditionMgr:1044 - genDependencies : Invalid condition id : LAN8742 Phy interface Condition cause : null
2025-09-14 17:12:54,226 [WARN] ConditionMgr:1044 - genDependencies : Invalid condition id : LAN8742 Phy interface Condition cause : null
2025-09-14 17:12:54,244 [WARN] PackLoader:240 - Cannot read IP mode file for STMicroelectronics.X-CUBE-SFXS2LP1.4.0.0
2025-09-14 17:12:54,291 [WARN] PackLoader:240 - Cannot read IP mode file for STMicroelectronics.X-CUBE-AZRTOS-H7.3.3.0
2025-09-14 17:12:54,324 [WARN] PackLoader:240 - Cannot read IP mode file for STMicroelectronics.X-CUBE-BLEMGR.4.1.0
2025-09-14 17:12:54,358 [WARN] ConditionMgr:438 - getConditionDescription Invalid condition id : UX DEVICE CLASS RTOS Condition cause : null
2025-09-14 17:12:54,358 [WARN] ConditionMgr:438 - getConditionDescription Invalid condition id : UX DEVICE CLASS RTOS Condition cause : null
2025-09-14 17:12:54,358 [WARN] PackLoader:240 - Cannot read IP mode file for STMicroelectronics.X-CUBE-AZRTOS-WB.2.0.0
2025-09-14 17:12:54,358 [WARN] ConditionMgr:1044 - genDependencies : Invalid condition id : UX DEVICE CLASS RTOS Condition cause : null
2025-09-14 17:12:54,358 [WARN] ConditionMgr:1044 - genDependencies : Invalid condition id : UX DEVICE CLASS RTOS Condition cause : null
2025-09-14 17:12:54,358 [WARN] ConditionMgr:1044 - genDependencies : Invalid condition id : UX DEVICE CLASS RTOS Condition cause : null
2025-09-14 17:12:54,358 [WARN] ConditionMgr:1044 - genDependencies : Invalid condition id : UX DEVICE CLASS RTOS Condition cause : null
2025-09-14 17:12:54,358 [WARN] ConditionMgr:1044 - genDependencies : Invalid condition id : UX DEVICE CLASS RTOS Condition cause : null
2025-09-14 17:12:54,375 [WARN] PackLoader:240 - Cannot read IP mode file for STMicroelectronics.X-CUBE-GNSS1.7.0.0
2025-09-14 17:12:54,387 [WARN] PackLoader:240 - Cannot read IP mode file for STMicroelectronics.X-CUBE-GNSS1.7.0.1
2025-09-14 17:12:54,404 [WARN] PackLoader:240 - Cannot read IP mode file for STMicroelectronics.X-CUBE-TOUCHGFX.4.25.0
2025-09-14 17:12:54,420 [WARN] PackLoader:240 - Cannot read IP mode file for STMicroelectronics.FP-SNS-STBOX1.2.0.0
2025-09-14 17:12:54,435 [WARN] ConditionMgr:438 - getConditionDescription Invalid condition id : Cortex-A Device cause : null
2025-09-14 17:12:54,467 [WARN] ConditionMgr:1044 - genDependencies : Invalid condition id : Cortex-A Device cause : null
2025-09-14 17:12:54,467 [WARN] ConditionMgr:1044 - genDependencies : Invalid condition id : Cortex-A Device cause : null
2025-09-14 17:12:54,467 [WARN] ConditionMgr:1044 - genDependencies : Invalid condition id : Cortex-A Device cause : null
2025-09-14 17:12:54,501 [WARN] PackLoader:240 - Cannot read IP mode file for STMicroelectronics.X-CUBE-SUBG2.5.0.0
2025-09-14 17:12:54,553 [WARN] PackLoader:240 - Cannot read IP mode file for STMicroelectronics.X-CUBE-AZRTOS-H7RS.1.1.0
2025-09-14 17:12:54,568 [WARN] PackLoader:240 - Cannot read IP mode file for Cesanta.I-CUBE-Mongoose.7.13.0
2025-09-14 17:12:54,598 [WARN] PackLoader:240 - Cannot read IP mode file for STMicroelectronics.X-CUBE-AZRTOS-G4.2.0.0
2025-09-14 17:12:54,608 [WARN] PackLoader:240 - Cannot read IP mode file for STMicroelectronics.X-CUBE-NFC7.2.0.0
2025-09-14 17:12:54,622 [WARN] PackLoader:240 - Cannot read IP mode file for STMicroelectronics.X-CUBE-ISPU.2.0.0
2025-09-14 17:12:54,658 [WARN] PackLoader:240 - Cannot read IP mode file for STMicroelectronics.X-CUBE-IPS.3.1.0
2025-09-14 17:12:54,684 [WARN] PackLoader:240 - Cannot read IP mode file for STMicroelectronics.X-CUBE-ALS.1.0.2
2025-09-14 17:12:54,785 [WARN] PackLoader:240 - Cannot read IP mode file for STMicroelectronics.X-CUBE-MEMS1.10.0.0
2025-09-14 17:12:54,968 [WARN] PackLoader:240 - Cannot read IP mode file for STMicroelectronics.X-CUBE-TOUCHGFX.4.24.0
2025-09-14 17:12:54,975 [WARN] PackLoader:240 - Cannot read IP mode file for STMicroelectronics.X-CUBE-TOUCHGFX.4.24.1
2025-09-14 17:12:54,994 [WARN] PackLoader:240 - Cannot read IP mode file for STMicroelectronics.X-CUBE-STSE01.1.0.0
2025-09-14 17:12:55,008 [WARN] PackLoader:240 - Cannot read IP mode file for portGmbH.I-Cube-SoM-uGOAL.1.1.0
2025-09-14 17:12:55,058 [WARN] PackLoader:240 - Cannot read IP mode file for STMicroelectronics.X-CUBE-AZRTOS-H7RS.1.0.0
2025-09-14 17:12:55,058 [WARN] PackLoader:240 - Cannot read IP mode file for STMicroelectronics.FP-ATR-ASTRA1.2.0.0
2025-09-14 17:12:55,075 [WARN] PackLoader:240 - Cannot read IP mode file for STMicroelectronics.X-CUBE-TOF1.3.4.2
2025-09-14 17:12:55,118 [WARN] PackLoader:240 - Cannot read IP mode file for STMicroelectronics.X-CUBE-TOF1.3.4.3
2025-09-14 17:12:55,170 [WARN] PackLoader:240 - Cannot read IP mode file for STMicroelectronics.X-CUBE-TOF1.3.4.1
2025-09-14 17:12:55,234 [WARN] PackLoader:240 - Cannot read IP mode file for STMicroelectronics.X-CUBE-AZRTOS-H7.3.2.0
2025-09-14 17:12:55,282 [WARN] PackLoader:240 - Cannot read IP mode file for Infineon.AIROC-Wi-Fi-Bluetooth-STM32.1.6.0
2025-09-14 17:12:55,315 [WARN] PackLoader:240 - Cannot read IP mode file for wolfSSL.I-CUBE-wolfSSH.1.4.17
2025-09-14 17:12:55,318 [INFO] ThirdParty:978 - Integrity check success = true
2025-09-14 17:12:55,319 [INFO] IntegrityCheckThread:100 - exiting critical section [integrity check]
2025-09-14 17:12:55,319 [INFO] IntegrityCheckThread:103 - End integrity checks thread
2025-09-14 20:44:20,845 [ERROR] LogOutputStream:75 - [STDERR_REDIRECT] 
